Arguments: 
  /home/maimeearai/.nvm/versions/node/v12.6.0/bin/node /usr/local/bin/yarn add express mongoose graphlq graphql-compose graphql-compose-mongoose

PATH: 
  /home/maimeearai/.nvm/versions/node/v12.6.0/bin:/usr/local/sbin:/usr/local/bin:/usr/sbin:/usr/bin:/sbin:/bin:/usr/games:/usr/local/games:/snap/bin:/home/maimeearai/Android/Sdk/tools:/home/maimeearai/Android/Sdk/platform-tools:/home/maimeearai/Android/Sdk/tools

Yarn version: 
  1.16.0

Node version: 
  12.6.0

Platform: 
  linux x64

Trace: 
  Error: https://registry.yarnpkg.com/graphlq: Not found
      at Request.params.callback [as _callback] (/usr/local/lib/node_modules/yarn/lib/cli.js:66091:18)
      at Request.self.callback (/usr/local/lib/node_modules/yarn/lib/cli.js:129590:22)
      at Request.emit (events.js:203:13)
      at Request.<anonymous> (/usr/local/lib/node_modules/yarn/lib/cli.js:130562:10)
      at Request.emit (events.js:203:13)
      at IncomingMessage.<anonymous> (/usr/local/lib/node_modules/yarn/lib/cli.js:130484:12)
      at Object.onceWrapper (events.js:291:20)
      at IncomingMessage.emit (events.js:208:15)
      at endReadableNT (_stream_readable.js:1154:12)
      at processTicksAndRejections (internal/process/task_queues.js:77:11)

npm manifest: 
  {
    "name": "merng-server",
    "version": "1.0.0",
    "main": "server.js",
    "license": "MIT"
  }

yarn manifest: 
  No manifest

Lockfile: 
  No lockfile
